#
# A fatal error has been detected by the Java Runtime Environment:
#
#  EXCEPTION_ACCESS_VIOLATION (0xc0000005) at pc=0x0000000058318845, pid=8328, tid=12040
#
# JRE version: Java(TM) SE Runtime Environment (8.0_60-b27) (build 1.8.0_60-b27)
# Java VM: Java HotSpot(TM) 64-Bit Server VM (25.60-b23 mixed mode windows-amd64 compressed oops)
# Problematic frame:
# V  [jvm.dll+0x128845]
#
# Failed to write core dump. Minidumps are not enabled by default on client versions of Windows
#
# If you would like to submit a bug report, please visit:
#   http://bugreport.java.com/bugreport/crash.jsp
#

---------------  T H R E A D  ---------------

Current thread (0x00000000595de800):  JavaThread "JDWP Transport Listener: dt_socket" daemon [_thread_in_vm, id=12040, stack(0x000000005aec0000,0x000000005afc0000)]

siginfo: ExceptionCode=0xc0000005, reading address 0x00006d6100000072

Registers:
RAX=0x000000005afbf401, RBX=0x00000000595de800, RCX=0x00006d6100000072, RDX=0x0000000000000000
RSP=0x000000005afbf3b0, RBP=0x00006d6100000072, RSI=0x000000005afbf4c8, RDI=0x00000000023691e0
R8 =0x00000000595de800, R9 =0x000000f000d00002, R10=0x0000000000000000, R11=0x000000005afbf63b
R12=0x0000000000000000, R13=0x00000000595df608, R14=0x0000000000000000, R15=0x0000000000000000
RIP=0x0000000058318845, EFLAGS=0x0000000000010206

Top of Stack: (sp=0x000000005afbf3b0)
0x000000005afbf3b0:   00000000595de800 00000000595de800
0x000000005afbf3c0:   000000005afbf478 000000005851e18b
0x000000005afbf3d0:   00000000595de800 000000005853a9ed
0x000000005afbf3e0:   0000000000000000 0000000068949155
0x000000005afbf3f0:   00000000596c4370 000000006895291e
0x000000005afbf400:   00000000595de800 0000000000000000
0x000000005afbf410:   0000000000000000 0000000000000000
0x000000005afbf420:   00006d6100000072 0000000068951a15
0x000000005afbf430:   000000005afbf4c8 000000005afbf4a0
0x000000005afbf440:   0000000000000001 00000000596c4370
0x000000005afbf450:   00006d6100000072 00000000689353b3
0x000000005afbf460:   000000005afbf590 0000000000000001
0x000000005afbf470:   0000000000000001 00000000596c4370
0x000000005afbf480:   0000000000000009 0000000000000000
0x000000005afbf490:   0000000000000000 0000000000000000
0x000000005afbf4a0:   0000000000000001 0000000068935571 

Instructions: (pc=0x0000000058318845)
0x0000000058318825:   cc cc cc cc cc cc cc cc cc cc cc 48 83 ec 28 48
0x0000000058318835:   85 c9 75 07 33 c0 48 83 c4 28 c3 48 89 5c 24 20
0x0000000058318845:   48 8b 19 48 85 db 74 20 48 83 fb 37 74 1a 48 8b
0x0000000058318855:   13 48 8b cb ff 52 10 84 c0 74 0d 48 8b c3 48 8b 


Register to memory mapping:

RAX=0x000000005afbf401 is pointing into the stack for thread: 0x00000000595de800
RBX=0x00000000595de800 is a thread
RCX=0x00006d6100000072 is an unknown value
RDX=0x0000000000000000 is an unknown value
RSP=0x000000005afbf3b0 is pointing into the stack for thread: 0x00000000595de800
RBP=0x00006d6100000072 is an unknown value
RSI=0x000000005afbf4c8 is pointing into the stack for thread: 0x00000000595de800
RDI=0x00000000023691e0 is an unknown value
R8 =0x00000000595de800 is a thread
R9 =0x000000f000d00002 is an unknown value
R10=0x0000000000000000 is an unknown value
R11=0x000000005afbf63b is pointing into the stack for thread: 0x00000000595de800
R12=0x0000000000000000 is an unknown value
R13=0x00000000595df608 is an unknown value
R14=0x0000000000000000 is an unknown value
R15=0x0000000000000000 is an unknown value


Stack: [0x000000005aec0000,0x000000005afc0000],  sp=0x000000005afbf3b0,  free space=1020k
Native frames: (J=compiled Java code, j=interpreted, Vv=VM code, C=native code)
V  [jvm.dll+0x128845]
V  [jvm.dll+0x34a9ed]
C  [jdwp.dll+0x21a15]
C  [jdwp.dll+0x53b3]
C  [jdwp.dll+0x5571]
C  [jdwp.dll+0xf0a8]
C  [jdwp.dll+0x1f2d5]
C  [jdwp.dll+0x1f4aa]
V  [jvm.dll+0x1bb8e8]
V  [jvm.dll+0x243134]
V  [jvm.dll+0x299f6a]
C  [msvcr100.dll+0x21d9f]
C  [msvcr100.dll+0x21e3b]
C  [kernel32.dll+0x1652d]
C  [ntdll.dll+0x2c541]


---------------  P R O C E S S  ---------------

Java Threads: ( => current thread )
  0x0000000059698000 JavaThread "Service Thread" daemon [_thread_blocked, id=1956, stack(0x000000005b680000,0x000000005b780000)]
  0x00000000595fd000 JavaThread "C1 CompilerThread3" daemon [_thread_blocked, id=10388, stack(0x000000005b4d0000,0x000000005b5d0000)]
  0x0000000059601800 JavaThread "C2 CompilerThread2" daemon [_thread_blocked, id=5168, stack(0x000000005b220000,0x000000005b320000)]
  0x0000000059601000 JavaThread "C2 CompilerThread1" daemon [_thread_blocked, id=9800, stack(0x000000005b320000,0x000000005b420000)]
  0x0000000059604000 JavaThread "C2 CompilerThread0" daemon [_thread_blocked, id=5700, stack(0x000000005afd0000,0x000000005b0d0000)]
  0x00000000595ec800 JavaThread "JDWP Command Reader" daemon [_thread_in_native, id=1440, stack(0x000000005b120000,0x000000005b220000)]
  0x00000000595e6800 JavaThread "JDWP Event Helper Thread" daemon [_thread_blocked, id=388, stack(0x000000005abc0000,0x000000005acc0000)]
=>0x00000000595de800 JavaThread "JDWP Transport Listener: dt_socket" daemon [_thread_in_vm, id=12040, stack(0x000000005aec0000,0x000000005afc0000)]
  0x00000000595d5800 JavaThread "Attach Listener" daemon [_thread_blocked, id=7360, stack(0x000000005aac0000,0x000000005abc0000)]
  0x00000000595d4000 JavaThread "Signal Dispatcher" daemon [_thread_blocked, id=4844, stack(0x000000005a920000,0x000000005aa20000)]
  0x0000000057d7e000 JavaThread "Finalizer" daemon [_thread_blocked, id=11512, stack(0x0000000012940000,0x0000000012a40000)]
  0x0000000057d76000 JavaThread "Reference Handler" daemon [_thread_blocked, id=8800, stack(0x000000005a7b0000,0x000000005a8b0000)]
  0x000000000236e800 JavaThread "main" [_thread_in_native, id=5948, stack(0x0000000002390000,0x0000000002490000)]

Other Threads:
  0x0000000059582000 VMThread [stack: 0x000000005a650000,0x000000005a750000] [id=6116]
  0x000000005965c000 WatcherThread [stack: 0x000000005b850000,0x000000005b950000] [id=8152]

VM state:not at safepoint (normal execution)

VM Mutex/Monitor currently owned by a thread: None

Heap:
 PSYoungGen      total 38400K, used 3330K [0x00000000d5d00000, 0x00000000d8780000, 0x0000000100000000)
  eden space 33280K, 10% used [0x00000000d5d00000,0x00000000d60408e0,0x00000000d7d80000)
  from space 5120K, 0% used [0x00000000d8280000,0x00000000d8280000,0x00000000d8780000)
  to   space 5120K, 0% used [0x00000000d7d80000,0x00000000d7d80000,0x00000000d8280000)
 ParOldGen       total 87552K, used 0K [0x0000000081600000, 0x0000000086b80000, 0x00000000d5d00000)
  object space 87552K, 0% used [0x0000000081600000,0x0000000081600000,0x0000000086b80000)
 Metaspace       used 3617K, capacity 4616K, committed 4864K, reserved 1056768K
  class space    used 408K, capacity 432K, committed 512K, reserved 1048576K

Card table byte_map: [0x0000000011b20000,0x0000000011f20000] byte_map_base: 0x0000000011715000

Marking Bits: (ParMarkBitMap*) 0x00000000589fa5b0
 Begin Bits: [0x0000000013040000, 0x0000000014fe8000)
 End Bits:   [0x0000000014fe8000, 0x0000000016f90000)

Polling page: 0x00000000005e0000

CodeCache: size=245760Kb used=1212Kb max_used=1212Kb free=244547Kb
 bounds [0x0000000002760000, 0x00000000029d0000, 0x0000000011760000]
 total_blobs=323 nmethods=87 adapters=157
 compilation: enabled

Compilation events (10 events):
Event: 0.135 Thread 0x00000000595fd000   83       3       java.util.regex.ASCII::isAscii (13 bytes)
Event: 0.135 Thread 0x00000000595fd000 nmethod 83 0x000000000288ea90 code [0x000000000288ebe0, 0x000000000288ed70]
Event: 0.135 Thread 0x00000000595fd000   84       3       java.util.regex.Pattern::peek (26 bytes)
Event: 0.135 Thread 0x00000000595fd000 nmethod 84 0x000000000288e510 code [0x000000000288e680, 0x000000000288e948]
Event: 0.136 Thread 0x00000000595fd000   85       3       java.lang.Character::isBmpCodePoint (13 bytes)
Event: 0.136 Thread 0x00000000595fd000 nmethod 85 0x000000000288e1d0 code [0x000000000288e320, 0x000000000288e4b0]
Event: 0.136 Thread 0x00000000595fd000   86       3       java.util.regex.Pattern::next (33 bytes)
Event: 0.136 Thread 0x00000000595fd000 nmethod 86 0x000000000288dc50 code [0x000000000288ddc0, 0x000000000288e088]
Event: 0.136 Thread 0x00000000595fd000   87       1       java.util.regex.Pattern::flags (5 bytes)
Event: 0.136 Thread 0x00000000595fd000 nmethod 87 0x000000000288f2d0 code [0x000000000288f420, 0x000000000288f530]

GC Heap History (0 events):
No events

Deoptimization events (0 events):
No events

Internal exceptions (6 events):
Event: 0.032 Thread 0x000000000236e800 Exception <a 'java/lang/NoSuchMethodError': Method sun.misc.Unsafe.defineClass(Ljava/lang/String;[BII)Ljava/lang/Class; name or signature does not match> (0x00000000d5d130d8) thrown at [C:\re\workspace\8-2-build-windows-amd64-cygwin\jdk8u60\4407\hotspot\srC°ªè6†?
Event: 0.032 Thread 0x000000000236e800 Exception <a 'java/lang/NoSuchMethodError': Method sun.misc.Unsafe.prefetchRead(Ljava/lang/Object;J)V name or signature does not match> (0x00000000d5d133c0) thrown at [C:\re\workspace\8-2-build-windows-amd64-cygwin\jdk8u60\4407\hotspot\src\share\vm\prims\j‡•éÏæ?
Event: 0.117 Thread 0x000000000236e800 Exception <a 'java/security/PrivilegedActionException'> (0x00000000d5fb4cd0) thrown at [C:\re\workspace\8-2-build-windows-amd64-cygwin\jdk8u60\4407\hotspot\src\share\vm\prims\jvm.cpp, line 1386]
Event: 0.117 Thread 0x000000000236e800 Exception <a 'java/security/PrivilegedActionException'> (0x00000000d5fb50c8) thrown at [C:\re\workspace\8-2-build-windows-amd64-cygwin\jdk8u60\4407\hotspot\src\share\vm\prims\jvm.cpp, line 1386]
Event: 0.118 Thread 0x000000000236e800 Exception <a 'java/security/PrivilegedActionException'> (0x00000000d5fb90f8) thrown at [C:\re\workspace\8-2-build-windows-amd64-cygwin\jdk8u60\4407\hotspot\src\share\vm\prims\jvm.cpp, line 1386]
Event: 0.118 Thread 0x000000000236e800 Exception <a 'java/security/PrivilegedActionException'> (0x00000000d5fb94f0) thrown at [C:\re\workspace\8-2-build-windows-amd64-cygwin\jdk8u60\4407\hotspot\src\share\vm\prims\jvm.cpp, line 1386]

Events (10 events):
Event: 3244.813 Executing VM operation: ChangeBreakpoints
Event: 3244.813 Executing VM operation: ChangeBreakpoints done
Event: 3965.113 Executing VM operation: RedefineClasses
Event: 3965.113 Executing VM operation: RedefineClasses done
Event: 4099.281 Executing VM operation: RedefineClasses
Event: 4099.281 Executing VM operation: RedefineClasses done
Event: 4430.695 Executing VM operation: RedefineClasses
Event: 4430.695 Executing VM operation: RedefineClasses done
Event: 5405.993 Executing VM operation: RedefineClasses
Event: 5405.993 Executing VM operation: RedefineClasses done


Dynamic libraries:
0x000000013f410000 - 0x000000013f447000 	C:\Program Files\Java\jdk1.8.0_60\bin\java.exe
0x0000000076e90000 - 0x0000000077039000 	C:\Windows\SYSTEM32\ntdll.dll
0x0000000076d70000 - 0x0000000076e8f000 	C:\Windows\system32\kernel32.dll
0x000007fefcfb0000 - 0x000007fefd01b000 	C:\Windows\system32\KERNELBASE.dll
0x000007fefda60000 - 0x000007fefdb3b000 	C:\Windows\system32\ADVAPI32.dll
0x000007fefd1b0000 - 0x000007fefd24f000 	C:\Windows\system32\msvcrt.dll
0x000007fefdb40000 - 0x000007fefdb5f000 	C:\Windows\SYSTEM32\sechost.dll
0x000007fefe8f0000 - 0x000007fefea1d000 	C:\Windows\system32\RPCRT4.dll
0x0000000076c70000 - 0x0000000076d6a000 	C:\Windows\system32\USER32.dll
0x000007fefd910000 - 0x000007fefd977000 	C:\Windows\system32\GDI32.dll
0x000007fefda50000 - 0x000007fefda5e000 	C:\Windows\system32\LPK.dll
0x000007fefd3d0000 - 0x000007fefd499000 	C:\Windows\system32\USP10.dll
0x000007fefb670000 - 0x000007fefb864000 	C:\Windows\WinSxS\amd64_microsoft.windows.common-controls_6595b64144ccf1df_6.0.7601.17514_none_fa396087175ac9ac\COMCTL32.dll
0x000007fefd9d0000 - 0x000007fefda41000 	C:\Windows\system32\SHLWAPI.dll
0x000007fefead0000 - 0x000007fefeafe000 	C:\Windows\system32\IMM32.DLL
0x000007fefeeb0000 - 0x000007fefefb9000 	C:\Windows\system32\MSCTF.dll
0x000007fefcda0000 - 0x000007fefcddf000 	C:\Windows\system32\nvinitx.dll
0x0000000180000000 - 0x000000018003d000 	C:\Windows\system32\AvCNG.dll
0x000007fefccd0000 - 0x000007fefccf2000 	C:\Windows\system32\bcrypt.dll
0x000007fefcc50000 - 0x000007fefcccb000 	C:\Program Files\Common Files\Avest\Avest CSP\avsspc.dll
0x0000000068a20000 - 0x0000000068af2000 	C:\Program Files\Java\jdk1.8.0_60\jre\bin\msvcr100.dll
0x00000000581f0000 - 0x0000000058a79000 	C:\Program Files\Java\jdk1.8.0_60\jre\bin\server\jvm.dll
0x000007fef6fc0000 - 0x000007fef6fc9000 	C:\Windows\system32\WSOCK32.dll
0x000007fefd980000 - 0x000007fefd9cd000 	C:\Windows\system32\WS2_32.dll
0x000007fefea20000 - 0x000007fefea28000 	C:\Windows\system32\NSI.dll
0x000007fefa0b0000 - 0x000007fefa0eb000 	C:\Windows\system32\WINMM.dll
0x000007fefbdf0000 - 0x000007fefbdfc000 	C:\Windows\system32\VERSION.dll
0x0000000077050000 - 0x0000000077057000 	C:\Windows\system32\PSAPI.DLL
0x000000006a960000 - 0x000000006a96f000 	C:\Program Files\Java\jdk1.8.0_60\jre\bin\verify.dll
0x00000000689f0000 - 0x0000000068a19000 	C:\Program Files\Java\jdk1.8.0_60\jre\bin\java.dll
0x0000000068930000 - 0x0000000068965000 	C:\Program Files\Java\jdk1.8.0_60\jre\bin\jdwp.dll
0x0000000071ea0000 - 0x0000000071ea8000 	C:\Program Files\Java\jdk1.8.0_60\jre\bin\npt.dll
0x0000000069f40000 - 0x0000000069f56000 	C:\Program Files\Java\jdk1.8.0_60\jre\bin\zip.dll
0x000007fefdb60000 - 0x000007fefe8e8000 	C:\Windows\system32\SHELL32.dll
0x000007fefd620000 - 0x000007fefd823000 	C:\Windows\system32\ole32.dll
0x000007fefcde0000 - 0x000007fefcdef000 	C:\Windows\system32\profapi.dll
0x0000000073460000 - 0x0000000073469000 	C:\Program Files\Java\jdk1.8.0_60\jre\bin\dt_socket.dll
0x000007fefc550000 - 0x000007fefc5a5000 	C:\Windows\system32\mswsock.dll
0x000007fefbec0000 - 0x000007fefbec7000 	C:\Windows\System32\wshtcpip.dll
0x000007fef17d0000 - 0x000007fef18f5000 	C:\Windows\system32\dbghelp.dll

VM Arguments:
jvm_args: -agentlib:jdwp=transport=dt_socket,address=127.0.0.1:62793,suspend=y,server=n -Dfile.encoding=UTF-8 
java_command: Runner
java_class_path (initial): C:\Program Files\Java\jdk1.8.0_60\jre\lib\charsets.jar;C:\Program Files\Java\jdk1.8.0_60\jre\lib\deploy.jar;C:\Program Files\Java\jdk1.8.0_60\jre\lib\javaws.jar;C:\Program Files\Java\jdk1.8.0_60\jre\lib\jce.jar;C:\Program Files\Java\jdk1.8.0_60\jre\lib\jfr.jar;C:\Program Files\Java\jdk1.8.0_60\jre\lib\jfxswt.jar;C:\Program Files\Java\jdk1.8.0_60\jre\lib\jsse.jar;C:\Program Files\Java\jdk1.8.0_60\jre\lib\management-agent.jar;C:\Program Files\Java\jdk1.8.0_60\jre\lib\plugin.jar;C:\Program Files\Java\jdk1.8.0_60\jre\lib\resources.jar;C:\Program Files\Java\jdk1.8.0_60\jre\lib\rt.jar;C:\Program Files\Java\jdk1.8.0_60\jre\lib\ext\access-bridge-64.jar;C:\Program Files\Java\jdk1.8.0_60\jre\lib\ext\cldrdata.jar;C:\Program Files\Java\jdk1.8.0_60\jre\lib\ext\dnsns.jar;C:\Program Files\Java\jdk1.8.0_60\jre\lib\ext\jaccess.jar;C:\Program Files\Java\jdk1.8.0_60\jre\lib\ext\jfxrt.jar;C:\Program Files\Java\jdk1.8.0_60\jre\lib\ext\localedata.jar;C:\Program Files\Java\jdk1.8.0_60\jre\lib\ext\nashorn.jar;C:\Program Files\Java\jdk1.8.0_60\jre\lib\ext\sunec.jar;C:\Program Files\Java\jdk1.8.0_60\jre\lib\ext\sunjce_provider.jar;C:\Program Files\Java\jdk1.8.0_60\jre\lib\ext\sunmscapi.jar;C:\Program Files\Java\jdk1.8.0_60\jre\lib\ext\sunpkcs11.jar;C:\Program Files\Java\jdk1.8.0_60\jre\lib\ext\zipfs.jar;C:\Users\Demiashkevich Egor\IdeaProjects\Task1.1\target\classes;C:\Program Files (x86)\JetBrains\IntelliJ IDEA 14.0.2\lib\idea_rt.jar
Launcher Type: SUN_STANDARD

Environment Variables:
JAVA_HOME=C:\Program Files\Java\jdk1.8.0_60
CLASSPATH=C:\Program Files\Java\jdk1.8.0_60\bin.;
PATH=C:\ProgramData\Oracle\Java\javapath;C:\Program Files (x86)\Skype\Phone\;C:\Program Files (x86)\Avest\AvPCM_nces;C:\Windows\system32;C:\Program Files\Java\jdk1.8.0_60;C:\ProgramData\Oracle\Java\javapath;C:\Program Files\Microsoft SQL Server\110\DTS\Binn\;C:\Program Files (x86)\Microsoft SQL Server\110\Tools\Binn\;C:\Program Files\Microsoft SQL Server\110\Tools\Binn\;C:\Program Files (x86)\Microsoft SQL Server\110\Tools\Binn\ManagementStudio\;C:\Program Files (x86)\Microsoft Visual Studio 10.0\Common7\IDE\PrivateAssemblies\;C:\Program Files (x86)\Microsoft SQL Server\110\DTS\Binn\;C:\Program Files\Java\apache_maven_3.3.9\bin;
USERNAME=Demiashkevich Egor
OS=Windows_NT
PROCESSOR_IDENTIFIER=Intel64 Family 6 Model 42 Stepping 7, GenuineIntel



---------------  S Y S T E M  ---------------

OS: Windows 7 , 64 bit Build 7601 (6.1.7601.18015)

CPU:total 8 (4 cores per cpu, 2 threads per core) family 6 model 42 stepping 7, cmov, cx8, fxsr, mmx, sse, sse2, sse3, ssse3, sse4.1, sse4.2, popcnt, avx, aes, clmul, ht, tsc, tscinvbit

Memory: 4k page, physical 8291328k(1039328k free), swap 16580792k(5802668k free)

vm_info: Java HotSpot(TM) 64-Bit Server VM (25.60-b23) for windows-amd64 JRE (1.8.0_60-b27), built on Aug  4 2015 11:06:27 by "java_re" with MS VC++ 10.0 (VS2010)

time: Fri Mar 02 00:10:02 2018
elapsed time: 8548 seconds (0d 2h 22m 28s)

